Using pre-set license
Built from '2021.3/staging' branch; Version is '2021.3.11f1 (0a5ca18544bf) revision 679073'; Using compiler version '192829333'; Build Type 'Release'
OS: 'Windows 10  (10.0.19044) 64bit Professional' Language: 'ru' Physical Memory: 16347 MB
BatchMode: 1, IsHumanControllingUs: 0, StartBugReporterOnCrash: 0, Is64bit: 1, IsPro: 1

COMMAND LINE ARGUMENTS:
C:\Program Files\Unity\Hub\Editor\2021.3.11f1\Editor\Unity.exe
-adb2
-batchMode
-noUpm
-name
AssetImportWorker0
-projectPath
D:/Unity/Project/SnakeVsBlock
-logFile
Logs/AssetImportWorker0.log
-srvPort
53803
Successfully changed project path to: D:/Unity/Project/SnakeVsBlock
D:/Unity/Project/SnakeVsBlock
[UnityMemory] Configuration Parameters - Can be set up in boot.config
    "memorysetup-bucket-allocator-granularity=16"
    "memorysetup-bucket-allocator-bucket-count=8"
    "memorysetup-bucket-allocator-block-size=33554432"
    "memorysetup-bucket-allocator-block-count=8"
    "memorysetup-main-allocator-block-size=16777216"
    "memorysetup-thread-allocator-block-size=16777216"
    "memorysetup-gfx-main-allocator-block-size=16777216"
    "memorysetup-gfx-thread-allocator-block-size=16777216"
    "memorysetup-cache-allocator-block-size=4194304"
    "memorysetup-typetree-allocator-block-size=2097152"
    "memorysetup-profiler-bucket-allocator-granularity=16"
    "memorysetup-profiler-bucket-allocator-bucket-count=8"
    "memorysetup-profiler-bucket-allocator-block-size=33554432"
    "memorysetup-profiler-bucket-allocator-block-count=8"
    "memorysetup-profiler-allocator-block-size=16777216"
    "memorysetup-profiler-editor-allocator-block-size=1048576"
    "memorysetup-temp-allocator-size-main=16777216"
    "memorysetup-job-temp-allocator-block-size=2097152"
    "memorysetup-job-temp-allocator-block-size-background=1048576"
    "memorysetup-job-temp-allocator-reduction-small-platforms=262144"
    "memorysetup-temp-allocator-size-background-worker=32768"
    "memorysetup-temp-allocator-size-job-worker=262144"
    "memorysetup-temp-allocator-size-preload-manager=33554432"
    "memorysetup-temp-allocator-size-nav-mesh-worker=65536"
    "memorysetup-temp-allocator-size-audio-worker=65536"
    "memorysetup-temp-allocator-size-cloud-worker=32768"
    "memorysetup-temp-allocator-size-gi-baking-worker=262144"
    "memorysetup-temp-allocator-size-gfx=262144"
Refreshing native plugins compatible for Editor in 70.22 ms, found 2 plugins.
Preloading 0 native plugins for Editor in 0.00 ms.
Initialize engine version: 2021.3.11f1 (0a5ca18544bf)
[Subsystems] Discovering subsystems at path C:/Program Files/Unity/Hub/Editor/2021.3.11f1/Editor/Data/Resources/UnitySubsystems
[Subsystems] Discovering subsystems at path D:/Unity/Project/SnakeVsBlock/Assets
GfxDevice: creating device client; threaded=0; jobified=0
Direct3D:
    Version:  Direct3D 11.0 [level 11.1]
    Renderer: NVIDIA GeForce GTX 1050 Ti (ID=0x1c82)
    Vendor:   NVIDIA
    VRAM:     4018 MB
    Driver:   31.0.15.1694
Initialize mono
Mono path[0] = 'C:/Program Files/Unity/Hub/Editor/2021.3.11f1/Editor/Data/Managed'
Mono path[1] = 'C:/Program Files/Unity/Hub/Editor/2021.3.11f1/Editor/Data/MonoBleedingEdge/lib/mono/unityjit-win32'
Mono config path = 'C:/Program Files/Unity/Hub/Editor/2021.3.11f1/Editor/Data/MonoBleedingEdge/etc'
Using monoOptions --debugger-agent=transport=dt_socket,embedding=1,server=y,suspend=n,address=127.0.0.1:56268
Begin MonoManager ReloadAssembly
Registering precompiled unity dll's ...
Register platform support module: C:/Program Files/Unity/Hub/Editor/2021.3.11f1/Editor/Data/PlaybackEngines/AndroidPlayer/UnityEditor.Android.Extensions.dll
Register platform support module: C:/Program Files/Unity/Hub/Editor/2021.3.11f1/Editor/Data/PlaybackEngines/iOSSupport/UnityEditor.iOS.Extensions.dll
Register platform support module: C:/Program Files/Unity/Hub/Editor/2021.3.11f1/Editor/Data/PlaybackEngines/WindowsStandaloneSupport/UnityEditor.WindowsStandalone.Extensions.dll
Registered in 0.009061 seconds.
Native extension for WindowsStandalone target not found
[usbmuxd] Start listen thread
[usbmuxd] Listen thread started
Native extension for iOS target not found
Native extension for Android target not found
Refreshing native plugins compatible for Editor in 69.45 ms, found 2 plugins.
Preloading 0 native plugins for Editor in 0.00 ms.
Mono: successfully reloaded assembly
- Completed reload, in  0.800 seconds
Domain Reload Profiling:
	ReloadAssembly (801ms)
		BeginReloadAssembly (99ms)
			ExecutionOrderSort (0ms)
			DisableScriptedObjects (0ms)
			BackupInstance (0ms)
			ReleaseScriptingObjects (0ms)
			CreateAndSetChildDomain (1ms)
		EndReloadAssembly (564ms)
			LoadAssemblies (98ms)
			RebuildTransferFunctionScriptingTraits (0ms)
			SetupTypeCache (130ms)
			ReleaseScriptCaches (0ms)
			RebuildScriptCaches (33ms)
			SetupLoadedEditorAssemblies (338ms)
				LogAssemblyErrors (0ms)
				InitializePlatformSupportModulesInManaged (83ms)
				SetLoadedEditorAssemblies (0ms)
				RefreshPlugins (70ms)
				BeforeProcessingInitializeOnLoad (1ms)
				ProcessInitializeOnLoadAttributes (128ms)
				ProcessInitializeOnLoadMethodAttributes (55ms)
				AfterProcessingInitializeOnLoad (0ms)
				EditorAssembliesLoaded (0ms)
			ExecutionOrderSort2 (0ms)
			AwakeInstancesAfterBackupRestoration (0ms)
Platform modules already initialized, skipping
Registering precompiled user dll's ...
Registered in 0.003634 seconds.
Begin MonoManager ReloadAssembly
Native extension for WindowsStandalone target not found
Native extension for iOS target not found
Native extension for Android target not found
Refreshing native plugins compatible for Editor in 58.69 ms, found 2 plugins.
Preloading 0 native plugins for Editor in 0.00 ms.
Mono: successfully reloaded assembly
- Completed reload, in  1.568 seconds
Domain Reload Profiling:
	ReloadAssembly (1569ms)
		BeginReloadAssembly (267ms)
			ExecutionOrderSort (0ms)
			DisableScriptedObjects (7ms)
			BackupInstance (0ms)
			ReleaseScriptingObjects (0ms)
			CreateAndSetChildDomain (144ms)
		EndReloadAssembly (1139ms)
			LoadAssemblies (107ms)
			RebuildTransferFunctionScriptingTraits (0ms)
			SetupTypeCache (297ms)
			ReleaseScriptCaches (1ms)
			RebuildScriptCaches (77ms)
			SetupLoadedEditorAssemblies (615ms)
				LogAssemblyErrors (0ms)
				InitializePlatformSupportModulesInManaged (30ms)
				SetLoadedEditorAssemblies (0ms)
				RefreshPlugins (59ms)
				BeforeProcessingInitializeOnLoad (95ms)
				ProcessInitializeOnLoadAttributes (309ms)
				ProcessInitializeOnLoadMethodAttributes (114ms)
				AfterProcessingInitializeOnLoad (7ms)
				EditorAssembliesLoaded (0ms)
			ExecutionOrderSort2 (0ms)
			AwakeInstancesAfterBackupRestoration (8ms)
Platform modules already initialized, skipping
========================================================================
Worker process is ready to serve import requests
Launched and connected shader compiler UnityShaderCompiler.exe after 0.05 seconds
Refreshing native plugins compatible for Editor in 0.73 ms, found 2 plugins.
Preloading 0 native plugins for Editor in 0.00 ms.
Unloading 3481 Unused Serialized files (Serialized files now loaded: 0)
Unloading 29 unused Assets / (0.7 MB). Loaded Objects now: 3941.
Memory consumption went from 160.3 MB to 159.6 MB.
Total: 4.980400 ms (FindLiveObjects: 0.440300 ms CreateObjectMapping: 0.424500 ms MarkObjects: 3.546000 ms  DeleteObjects: 0.567700 ms)

AssetImportParameters requested are different than current active one (requested -> active):
  custom:video-decoder-ogg-theora: a1e56fd34408186e4bbccfd4996cb3dc -> 
  custom:container-muxer-webm: aa71ff27fc2769a1b78a27578f13a17b -> 
  custom:container-demuxer-webm: 4f35f7cbe854078d1ac9338744f61a02 -> 
  custom:video-encoder-webm-vp8: eb34c28f22e8b96e1ab97ce403110664 -> 
  custom:audio-encoder-webm-vorbis: bf7c407c2cedff20999df2af8eb42d56 -> 
  custom:framework-win-MediaFoundation: 216162199b28c13a410421893ffa2e32 -> 
  custom:container-demuxer-ogg: 62fdf1f143b41e24485cea50d1cbac27 -> 
  custom:video-decoder-webm-vp8: 9c59270c3fd7afecdb556c50c9e8de78 -> 
  custom:audio-decoder-ogg-vorbis: bf7c407c2cedff20999df2af8eb42d56 -> 
========================================================================
Received Import Request.
  Time since last request: 514689.965382 seconds.
  path: Assets/URP/Shader1.shadergraph
  artifactKey: Guid(eff713a88cb59c1499f45b2c335fa617) Importer(815301076,1909f56bfc062723c751e8b465ee728b)
Start importing Assets/URP/Shader1.shadergraph using Guid(eff713a88cb59c1499f45b2c335fa617) Importer(815301076,1909f56bfc062723c751e8b465ee728b)  -> (artifact id: '8084a272246d60cee45d5a0d6e9183a4') in 0.051015 seconds 
========================================================================
Received Import Request.
  Time since last request: 3.852572 seconds.
  path: Assets/Sounds/FinishSound.wav
  artifactKey: Guid(8b910c4108e01f04a9c9778d3c647d92) Importer(815301076,1909f56bfc062723c751e8b465ee728b)
Start importing Assets/Sounds/FinishSound.wav using Guid(8b910c4108e01f04a9c9778d3c647d92) Importer(815301076,1909f56bfc062723c751e8b465ee728b)  -> (artifact id: 'cf5a6a7cf594363e49fd37be4cf3b52c') in 0.099754 seconds 
========================================================================
Received Import Request.
  Time since last request: 18.351002 seconds.
  path: Assets/Shaders
  artifactKey: Guid(a6649f7c28ff96f41a035b9505e54913) Importer(815301076,1909f56bfc062723c751e8b465ee728b)
Start importing Assets/Shaders using Guid(a6649f7c28ff96f41a035b9505e54913) Importer(815301076,1909f56bfc062723c751e8b465ee728b)  -> (artifact id: 'bf8970404d39d5bdd6eac6f1f6b867a3') in 0.009357 seconds 
========================================================================
Received Import Request.
  Time since last request: 159.548154 seconds.
  path: Assets/Shaders/New Shader Graph.shadergraph
  artifactKey: Guid(49c461c1d9fc3324a92de156d3b362ab) Importer(815301076,1909f56bfc062723c751e8b465ee728b)
Start importing Assets/Shaders/New Shader Graph.shadergraph using Guid(49c461c1d9fc3324a92de156d3b362ab) Importer(815301076,1909f56bfc062723c751e8b465ee728b)  -> (artifact id: '0f8d981361c8a5c78ef09066ede357ca') in 0.010391 seconds 
========================================================================
Received Import Request.
  Time since last request: 354.665197 seconds.
  path: Assets/Model
  artifactKey: Guid(a563d8f0ce0f39f4b9e983c733810276) Importer(815301076,1909f56bfc062723c751e8b465ee728b)
Start importing Assets/Model using Guid(a563d8f0ce0f39f4b9e983c733810276) Importer(815301076,1909f56bfc062723c751e8b465ee728b)  -> (artifact id: '6254ea53ce5f7840cc3c961ec1684c06') in 0.006749 seconds 
========================================================================
Received Import Request.
  Time since last request: 6.577840 seconds.
  path: Assets/Models
  artifactKey: Guid(a563d8f0ce0f39f4b9e983c733810276) Importer(815301076,1909f56bfc062723c751e8b465ee728b)
Start importing Assets/Models using Guid(a563d8f0ce0f39f4b9e983c733810276) Importer(815301076,1909f56bfc062723c751e8b465ee728b)  -> (artifact id: '41c3d70975de4f97930cf8d143bac09f') in 0.005639 seconds 
========================================================================
Received Import Request.
  Time since last request: 754.166141 seconds.
  path: Assets/Models/Burger.fbx
  artifactKey: Guid(f133f6ce75e583149b40092f6ee32605) Importer(815301076,1909f56bfc062723c751e8b465ee728b)
Start importing Assets/Models/Burger.fbx using Guid(f133f6ce75e583149b40092f6ee32605) Importer(815301076,1909f56bfc062723c751e8b465ee728b)  -> (artifact id: '4746ef1ba4ac27968ca2a4f918c38c96') in 0.680477 seconds 
========================================================================
Received Import Request.
  Time since last request: 3.180048 seconds.
  path: Packages/com.unity.render-pipelines.universal/Runtime/Materials/ParticlesUnlit.mat
  artifactKey: Guid(e823cd5b5d27c0f4b8256e7c12ee3e6d) Importer(815301076,1909f56bfc062723c751e8b465ee728b)
Start importing Packages/com.unity.render-pipelines.universal/Runtime/Materials/ParticlesUnlit.mat using Guid(e823cd5b5d27c0f4b8256e7c12ee3e6d) Importer(815301076,1909f56bfc062723c751e8b465ee728b)  -> (artifact id: 'ffbe34cc6eed5371b2e50126da0c0e5b') in 0.028499 seconds 
========================================================================
Received Import Request.
  Time since last request: 84.887512 seconds.
  path: Assets/Materials/Hand Painted Grass  Texture/Material/Gtass_mobile.mat
  artifactKey: Guid(2ed5ac5bee18ffe4396d871af249a6b7) Importer(815301076,1909f56bfc062723c751e8b465ee728b)
Start importing Assets/Materials/Hand Painted Grass  Texture/Material/Gtass_mobile.mat using Guid(2ed5ac5bee18ffe4396d871af249a6b7) Importer(815301076,1909f56bfc062723c751e8b465ee728b)  -> (artifact id: '68139bac559f325cdb75c607b26f001f') in 0.756750 seconds 
========================================================================
Received Import Request.
  Time since last request: 10.877281 seconds.
  path: Assets/Prefabs/Food.prefab
  artifactKey: Guid(97bd7cba4bed8fa46b8689e14e27cdf3) Importer(815301076,1909f56bfc062723c751e8b465ee728b)
Start importing Assets/Prefabs/Food.prefab using Guid(97bd7cba4bed8fa46b8689e14e27cdf3) Importer(815301076,1909f56bfc062723c751e8b465ee728b)  -> (artifact id: '335ea4b44c48d2494885b50e43d74cb1') in 0.082281 seconds 
========================================================================
Received Prepare
Registering precompiled user dll's ...
Registered in 0.005006 seconds.
Begin MonoManager ReloadAssembly
Native extension for WindowsStandalone target not found
Native extension for iOS target not found
Native extension for Android target not found
Refreshing native plugins compatible for Editor in 1.13 ms, found 2 plugins.
Preloading 0 native plugins for Editor in 0.00 ms.
Mono: successfully reloaded assembly
- Completed reload, in  2.477 seconds
Domain Reload Profiling:
	ReloadAssembly (2478ms)
		BeginReloadAssembly (316ms)
			ExecutionOrderSort (0ms)
			DisableScriptedObjects (17ms)
			BackupInstance (0ms)
			ReleaseScriptingObjects (0ms)
			CreateAndSetChildDomain (88ms)
		EndReloadAssembly (1931ms)
			LoadAssemblies (217ms)
			RebuildTransferFunctionScriptingTraits (0ms)
			SetupTypeCache (508ms)
			ReleaseScriptCaches (2ms)
			RebuildScriptCaches (102ms)
			SetupLoadedEditorAssemblies (939ms)
				LogAssemblyErrors (0ms)
				InitializePlatformSupportModulesInManaged (88ms)
				SetLoadedEditorAssemblies (1ms)
				RefreshPlugins (1ms)
				BeforeProcessingInitializeOnLoad (135ms)
				ProcessInitializeOnLoadAttributes (503ms)
				ProcessInitializeOnLoadMethodAttributes (195ms)
				AfterProcessingInitializeOnLoad (16ms)
				EditorAssembliesLoaded (0ms)
			ExecutionOrderSort2 (0ms)
			AwakeInstancesAfterBackupRestoration (25ms)
Platform modules already initialized, skipping
Refreshing native plugins compatible for Editor in 1.42 ms, found 2 plugins.
Preloading 0 native plugins for Editor in 0.00 ms.
Unloading 3349 Unused Serialized files (Serialized files now loaded: 0)
Unloading 23 unused Assets / (0.7 MB). Loaded Objects now: 4036.
Memory consumption went from 157.8 MB to 157.1 MB.
Total: 3.415000 ms (FindLiveObjects: 0.566500 ms CreateObjectMapping: 0.180400 ms MarkObjects: 2.364100 ms  DeleteObjects: 0.303100 ms)

AssetImportParameters requested are different than current active one (requested -> active):
  custom:video-decoder-ogg-theora: a1e56fd34408186e4bbccfd4996cb3dc -> 
  custom:container-muxer-webm: aa71ff27fc2769a1b78a27578f13a17b -> 
  custom:container-demuxer-webm: 4f35f7cbe854078d1ac9338744f61a02 -> 
  custom:video-encoder-webm-vp8: eb34c28f22e8b96e1ab97ce403110664 -> 
  custom:audio-encoder-webm-vorbis: bf7c407c2cedff20999df2af8eb42d56 -> 
  custom:framework-win-MediaFoundation: 216162199b28c13a410421893ffa2e32 -> 
  custom:container-demuxer-ogg: 62fdf1f143b41e24485cea50d1cbac27 -> 
  custom:video-decoder-webm-vp8: 9c59270c3fd7afecdb556c50c9e8de78 -> 
  custom:audio-decoder-ogg-vorbis: bf7c407c2cedff20999df2af8eb42d56 -> 
========================================================================
Received Import Request.
  Time since last request: 1436.240713 seconds.
  path: Assets/Scenes/Level1.unity
  artifactKey: Guid(9fc0d4010bbf28b4594072e72b8655ab) Importer(815301076,1909f56bfc062723c751e8b465ee728b)
Start importing Assets/Scenes/Level1.unity using Guid(9fc0d4010bbf28b4594072e72b8655ab) Importer(815301076,1909f56bfc062723c751e8b465ee728b)  -> (artifact id: 'a599c53a12f0998db9c1a57313a0b9a7') in 0.019063 seconds 
========================================================================
Received Import Request.
  Time since last request: 180.038481 seconds.
  path: Assets/Prefabs/Block.prefab
  artifactKey: Guid(a1bc43d12a3d40b449cc4481bdd77535) Importer(815301076,1909f56bfc062723c751e8b465ee728b)
Start importing Assets/Prefabs/Block.prefab using Guid(a1bc43d12a3d40b449cc4481bdd77535) Importer(815301076,1909f56bfc062723c751e8b465ee728b)  -> (artifact id: '47b74744b537167f5b5dff4af4f84037') in 0.254489 seconds 
========================================================================
Received Import Request.
  Time since last request: 6.157178 seconds.
  path: Assets/Prefabs/Block.prefab
  artifactKey: Guid(a1bc43d12a3d40b449cc4481bdd77535) Importer(815301076,1909f56bfc062723c751e8b465ee728b)
Start importing Assets/Prefabs/Block.prefab using Guid(a1bc43d12a3d40b449cc4481bdd77535) Importer(815301076,1909f56bfc062723c751e8b465ee728b)  -> (artifact id: 'a767068f94c6f4dfb5de5a5cfa1f3832') in 0.047011 seconds 
========================================================================
Received Import Request.
  Time since last request: 14.933455 seconds.
  path: Assets/Prefabs/Block.prefab
  artifactKey: Guid(a1bc43d12a3d40b449cc4481bdd77535) Importer(815301076,1909f56bfc062723c751e8b465ee728b)
Start importing Assets/Prefabs/Block.prefab using Guid(a1bc43d12a3d40b449cc4481bdd77535) Importer(815301076,1909f56bfc062723c751e8b465ee728b)  -> (artifact id: 'b0f900661d46e3a9699a4e673b1053a9') in 0.033728 seconds 
========================================================================
Received Import Request.
  Time since last request: 8.468058 seconds.
  path: Assets/Prefabs/Block.prefab
  artifactKey: Guid(a1bc43d12a3d40b449cc4481bdd77535) Importer(815301076,1909f56bfc062723c751e8b465ee728b)
Start importing Assets/Prefabs/Block.prefab using Guid(a1bc43d12a3d40b449cc4481bdd77535) Importer(815301076,1909f56bfc062723c751e8b465ee728b)  -> (artifact id: '52c99801e3a1fd0b517759a542699c28') in 0.036104 seconds 
========================================================================
Received Import Request.
  Time since last request: 74.799849 seconds.
  path: Assets/Prefabs/Block.prefab
  artifactKey: Guid(a1bc43d12a3d40b449cc4481bdd77535) Importer(815301076,1909f56bfc062723c751e8b465ee728b)
Start importing Assets/Prefabs/Block.prefab using Guid(a1bc43d12a3d40b449cc4481bdd77535) Importer(815301076,1909f56bfc062723c751e8b465ee728b)  -> (artifact id: '9d57d8f01b67ee8859b6564c255e07d3') in 0.042068 seconds 
========================================================================
Received Import Request.
  Time since last request: 3.107729 seconds.
  path: Assets/Prefabs/Block.prefab
  artifactKey: Guid(a1bc43d12a3d40b449cc4481bdd77535) Importer(815301076,1909f56bfc062723c751e8b465ee728b)
Start importing Assets/Prefabs/Block.prefab using Guid(a1bc43d12a3d40b449cc4481bdd77535) Importer(815301076,1909f56bfc062723c751e8b465ee728b)  -> (artifact id: 'f5c10c520abcb636b4dfb1e0b94901c4') in 0.036632 seconds 
========================================================================
Received Import Request.
  Time since last request: 2.874211 seconds.
  path: Assets/Prefabs/Block.prefab
  artifactKey: Guid(a1bc43d12a3d40b449cc4481bdd77535) Importer(815301076,1909f56bfc062723c751e8b465ee728b)
Start importing Assets/Prefabs/Block.prefab using Guid(a1bc43d12a3d40b449cc4481bdd77535) Importer(815301076,1909f56bfc062723c751e8b465ee728b)  -> (artifact id: '09bd7b3c4c92ec4958ba2f6038e1db99') in 0.037730 seconds 
========================================================================
Received Import Request.
  Time since last request: 505.874108 seconds.
  path: Assets/Prefabs/Block.prefab
  artifactKey: Guid(a1bc43d12a3d40b449cc4481bdd77535) Importer(815301076,1909f56bfc062723c751e8b465ee728b)
Start importing Assets/Prefabs/Block.prefab using Guid(a1bc43d12a3d40b449cc4481bdd77535) Importer(815301076,1909f56bfc062723c751e8b465ee728b)  -> (artifact id: 'e85206932e7e88980e655266fe8cd171') in 0.050646 seconds 
========================================================================
Received Import Request.
  Time since last request: 3.349720 seconds.
  path: Assets/Prefabs/Block.prefab
  artifactKey: Guid(a1bc43d12a3d40b449cc4481bdd77535) Importer(815301076,1909f56bfc062723c751e8b465ee728b)
Start importing Assets/Prefabs/Block.prefab using Guid(a1bc43d12a3d40b449cc4481bdd77535) Importer(815301076,1909f56bfc062723c751e8b465ee728b)  -> (artifact id: '50d07be4301ba9564dffa3c5afaaa622') in 0.018147 seconds 
========================================================================
Received Import Request.
  Time since last request: 22.144239 seconds.
  path: Assets/Prefabs/Block.prefab
  artifactKey: Guid(a1bc43d12a3d40b449cc4481bdd77535) Importer(815301076,1909f56bfc062723c751e8b465ee728b)
Start importing Assets/Prefabs/Block.prefab using Guid(a1bc43d12a3d40b449cc4481bdd77535) Importer(815301076,1909f56bfc062723c751e8b465ee728b)  -> (artifact id: '9e51ed7d90d8734672b54f20e032491a') in 0.034679 seconds 
========================================================================
Received Import Request.
  Time since last request: 4.085954 seconds.
  path: Assets/Prefabs/Block.prefab
  artifactKey: Guid(a1bc43d12a3d40b449cc4481bdd77535) Importer(815301076,1909f56bfc062723c751e8b465ee728b)
Start importing Assets/Prefabs/Block.prefab using Guid(a1bc43d12a3d40b449cc4481bdd77535) Importer(815301076,1909f56bfc062723c751e8b465ee728b)  -> (artifact id: '9dae65ea0158fa0c47457784b341d4f4') in 0.035852 seconds 
========================================================================
Received Import Request.
  Time since last request: 10.348848 seconds.
  path: Assets/Prefabs/Block.prefab
  artifactKey: Guid(a1bc43d12a3d40b449cc4481bdd77535) Importer(815301076,1909f56bfc062723c751e8b465ee728b)
Start importing Assets/Prefabs/Block.prefab using Guid(a1bc43d12a3d40b449cc4481bdd77535) Importer(815301076,1909f56bfc062723c751e8b465ee728b)  -> (artifact id: '79a0d3cedc515fc036be6e3bd80c1995') in 0.032399 seconds 
========================================================================
Received Import Request.
  Time since last request: 6.980293 seconds.
  path: Assets/Materials/Hand Painted Grass  Texture/Texture/1625926199_51-kartinkin-com-p-tekstura-dorogi-besshovnaya-krasivo-62.jpg
  artifactKey: Guid(6acca86ec9016e247ba837947a09b980) Importer(815301076,1909f56bfc062723c751e8b465ee728b)
Start importing Assets/Materials/Hand Painted Grass  Texture/Texture/1625926199_51-kartinkin-com-p-tekstura-dorogi-besshovnaya-krasivo-62.jpg using Guid(6acca86ec9016e247ba837947a09b980) Importer(815301076,1909f56bfc062723c751e8b465ee728b)  -> (artifact id: 'cfea60393b98693b8a7933551d71e792') in 0.093211 seconds 
========================================================================
Received Import Request.
  Time since last request: 0.000042 seconds.
  path: Assets/Materials/Hand Painted Grass  Texture/Texture/Grass_Normal.png
  artifactKey: Guid(abdf0ea32c5d9a9459d3e4ead7c70937) Importer(815301076,1909f56bfc062723c751e8b465ee728b)
Start importing Assets/Materials/Hand Painted Grass  Texture/Texture/Grass_Normal.png using Guid(abdf0ea32c5d9a9459d3e4ead7c70937) Importer(815301076,1909f56bfc062723c751e8b465ee728b)  -> (artifact id: 'f5792c8a71fd4de248095f585ef8a287') in 0.162458 seconds 
========================================================================
Received Import Request.
  Time since last request: 0.000250 seconds.
  path: Assets/Materials/Hand Painted Grass  Texture/Texture/Grass_Base_Color.png
  artifactKey: Guid(3e56fccbd43645846b91452f3498941d) Importer(815301076,1909f56bfc062723c751e8b465ee728b)
Start importing Assets/Materials/Hand Painted Grass  Texture/Texture/Grass_Base_Color.png using Guid(3e56fccbd43645846b91452f3498941d) Importer(815301076,1909f56bfc062723c751e8b465ee728b)  -> (artifact id: 'ba37c935c994fe9983ade0353615fa73') in 0.103139 seconds 
Editor requested this worker to shutdown with reason: Scaling down because of idle timeout
AssetImportWorker is now disconnected from the server
Process exiting
Exiting without the bug reporter. Application will terminate with return code 0